<?xml version="1.0" encoding="UTF-8"?>
<persistence version="2.1" xmlns="http://java.sun.com/xml/ns/persistence" xmlns:xsi="http://www.w3.org/2001/XMLSchema-instance"
xsi:schemaLocation="http://java.sun.com/xml/ns/persistence http://java.sun.com/xml/ns/persistence/persistence_2_1.xsd">
    
<persistence-unit name="tttPU" transaction-type="RESOURCE_LOCAL">
<provider>org.eclipse.persistence.jpa.PersistenceProvider</provider>   
    <class>com.jdeveloper.tttracker.domain.Company</class>
    <class>com.jdeveloper.tttracker.domain.Project</class>
    <class>com.jdeveloper.tttracker.domain.Task</class>
    <class>com.jdeveloper.tttracker.domain.TaskLog</class>
    <class>com.jdeveloper.tttracker.domain.User</class>
    <exclude-unlisted-classes>false</exclude-unlisted-classes>
    <properties>
      <property name="eclipselink.logging.level" value="WARNING"/>
    </properties>
  </persistence-unit>
</persistence>
